[debug] [2023-07-03T10:14:52.501Z] ----------------------------------------------------------------------
[debug] [2023-07-03T10:14:52.506Z] Command:       C:\Program Files\nodejs\node.exe C:\Users\Dell\Desktop\amazon clone\amazon-clone\node_modules\firebase-tools\lib\bin\firebase.js emulators:start --only functions
[debug] [2023-07-03T10:14:52.507Z] CLI Version:   12.4.0
[debug] [2023-07-03T10:14:52.508Z] Platform:      win32
[debug] [2023-07-03T10:14:52.509Z] Node Version:  v16.13.0
[debug] [2023-07-03T10:14:52.511Z] Time:          Mon Jul 03 2023 03:14:52 GMT-0700 (Pacific Daylight Time)
[debug] [2023-07-03T10:14:52.511Z] ----------------------------------------------------------------------
[debug] 
[debug] [2023-07-03T10:14:52.763Z] > command requires scopes: ["email","openid","https://www.googleapis.com/auth/cloudplatformprojects.readonly","https://www.googleapis.com/auth/firebase","https://www.googleapis.com/auth/cloud-platform"]
[debug] [2023-07-03T10:14:52.764Z] > authorizing via signed-in user (junaidalexander76@gmail.com)
[info] i  emulators: Starting emulators: functions {"metadata":{"emulator":{"name":"hub"},"message":"Starting emulators: functions"}}
[debug] [2023-07-03T10:14:52.822Z] [logging] Logging Emulator only supports listening on one address (127.0.0.1). Not listening on ::1
[debug] [2023-07-03T10:14:52.823Z] assigned listening specs for emulators {"user":{"hub":[{"address":"127.0.0.1","family":"IPv4","port":4400},{"address":"::1","family":"IPv6","port":4400}],"ui":[{"address":"127.0.0.1","family":"IPv4","port":4000},{"address":"::1","family":"IPv6","port":4000}],"logging":[{"address":"127.0.0.1","family":"IPv4","port":4500}]},"metadata":{"message":"assigned listening specs for emulators"}}
[debug] [2023-07-03T10:14:52.848Z] [hub] writing locator at C:\Users\Dell\AppData\Local\Temp\hub-clone-6644d.json
[debug] [2023-07-03T10:14:52.945Z] [functions] Functions Emulator only supports listening on one address (127.0.0.1). Not listening on ::1
[debug] [2023-07-03T10:14:52.945Z] [eventarc] Eventarc Emulator only supports listening on one address (127.0.0.1). Not listening on ::1
[debug] [2023-07-03T10:14:52.946Z] late-assigned ports for functions and eventarc emulators {"user":{"hub":[{"address":"127.0.0.1","family":"IPv4","port":4400},{"address":"::1","family":"IPv6","port":4400}],"ui":[{"address":"127.0.0.1","family":"IPv4","port":4000},{"address":"::1","family":"IPv6","port":4000}],"logging":[{"address":"127.0.0.1","family":"IPv4","port":4500}],"functions":[{"address":"127.0.0.1","family":"IPv4","port":5001}],"eventarc":[{"address":"127.0.0.1","family":"IPv4","port":9299}]},"metadata":{"message":"late-assigned ports for functions and eventarc emulators"}}
[warn] !  functions: The following emulators are not running, calls to these services from the Functions emulator will affect production: auth, firestore, database, hosting, pubsub, storage {"metadata":{"emulator":{"name":"functions"},"message":"The following emulators are not running, calls to these services from the Functions emulator will affect production: \u001b[1mauth, firestore, database, hosting, pubsub, storage\u001b[22m"}}
[debug] [2023-07-03T10:14:52.970Z] defaultcredentials: writing to file C:\Users\Dell\AppData\Roaming\firebase\junaidalexander76_gmail_com_application_default_credentials.json
[debug] [2023-07-03T10:14:53.007Z] Setting GAC to C:\Users\Dell\AppData\Roaming\firebase\junaidalexander76_gmail_com_application_default_credentials.json {"metadata":{"emulator":{"name":"functions"},"message":"Setting GAC to C:\\Users\\Dell\\AppData\\Roaming\\firebase\\junaidalexander76_gmail_com_application_default_credentials.json"}}
[debug] [2023-07-03T10:14:53.017Z] > refreshing access token with scopes: []
[debug] [2023-07-03T10:14:53.024Z] >>> [apiv2][query] POST https://www.googleapis.com/oauth2/v3/token [none]
[debug] [2023-07-03T10:14:53.024Z] >>> [apiv2][body] POST https://www.googleapis.com/oauth2/v3/token [omitted]
[debug] [2023-07-03T10:14:53.599Z] <<< [apiv2][status] POST https://www.googleapis.com/oauth2/v3/token 200
[debug] [2023-07-03T10:14:53.599Z] <<< [apiv2][body] POST https://www.googleapis.com/oauth2/v3/token [omitted]
[debug] [2023-07-03T10:14:53.681Z] >>> [apiv2][query] GET https://firebase.googleapis.com/v1beta1/projects/clone-6644d/adminSdkConfig [none]
[debug] [2023-07-03T10:14:54.409Z] <<< [apiv2][status] GET https://firebase.googleapis.com/v1beta1/projects/clone-6644d/adminSdkConfig 200
[debug] [2023-07-03T10:14:54.409Z] <<< [apiv2][body] GET https://firebase.googleapis.com/v1beta1/projects/clone-6644d/adminSdkConfig {"projectId":"clone-6644d","databaseURL":"https://clone-6644d-default-rtdb.firebaseio.com","storageBucket":"clone-6644d.appspot.com"}
[debug] [2023-07-03T10:14:54.553Z] Ignoring unsupported arg: auto_download {"metadata":{"emulator":{"name":"ui"},"message":"Ignoring unsupported arg: auto_download"}}
[debug] [2023-07-03T10:14:54.554Z] Ignoring unsupported arg: port {"metadata":{"emulator":{"name":"ui"},"message":"Ignoring unsupported arg: port"}}
[debug] [2023-07-03T10:14:54.554Z] Starting Emulator UI with command {"binary":"node","args":["C:\\Users\\Dell\\.cache\\firebase\\emulators\\ui-v1.11.6\\server\\server.js"],"optionalArgs":[],"joinArgs":false} {"metadata":{"emulator":{"name":"ui"},"message":"Starting Emulator UI with command {\"binary\":\"node\",\"args\":[\"C:\\\\Users\\\\Dell\\\\.cache\\\\firebase\\\\emulators\\\\ui-v1.11.6\\\\server\\\\server.js\"],\"optionalArgs\":[],\"joinArgs\":false}"}}
[info] i  ui: Emulator UI logging to ui-debug.log {"metadata":{"emulator":{"name":"ui"},"message":"Emulator UI logging to \u001b[1mui-debug.log\u001b[22m"}}
[debug] [2023-07-03T10:14:55.115Z] Web / API server started at 127.0.0.1:4000
 {"metadata":{"emulator":{"name":"ui"},"message":"Web / API server started at 127.0.0.1:4000\n"}}
[debug] [2023-07-03T10:14:55.116Z] Web / API server started at ::1:4000
 {"metadata":{"emulator":{"name":"ui"},"message":"Web / API server started at ::1:4000\n"}}
[info] i  functions: Watching "C:\Users\Dell\Desktop\amazon clone\amazon-clone\functions" for Cloud Functions... {"metadata":{"emulator":{"name":"functions"},"message":"Watching \"C:\\Users\\Dell\\Desktop\\amazon clone\\amazon-clone\\functions\" for Cloud Functions..."}}
[debug] [2023-07-03T10:14:55.212Z] Validating nodejs source
[debug] [2023-07-03T10:14:59.640Z] > [functions] package.json contents: {
  "name": "functions",
  "description": "Cloud Functions for Firebase",
  "scripts": {
    "lint": "eslint .",
    "serve": "firebase emulators:start --only functions",
    "shell": "firebase functions:shell",
    "start": "npm run shell",
    "deploy": "firebase deploy --only functions",
    "logs": "firebase functions:log"
  },
  "engines": {
    "node": "16"
  },
  "main": "index.js",
  "dependencies": {
    "cors": "^2.8.5",
    "express": "^4.18.2",
    "firebase-admin": "^11.8.0",
    "firebase-functions": "^4.3.1",
    "stripe": "^12.10.0"
  },
  "devDependencies": {
    "eslint": "^8.15.0",
    "eslint-config-google": "^0.14.0",
    "firebase-functions-test": "^3.1.0"
  },
  "private": true
}
[debug] [2023-07-03T10:14:59.642Z] Building nodejs source
[debug] [2023-07-03T10:14:59.643Z] Failed to find version of module node: reached end of search path C:\Users\Dell\Desktop\amazon clone\amazon-clone\functions\node_modules
[info] +  functions: Using node@16 from host. 
[debug] [2023-07-03T10:14:59.650Z] Could not find functions.yaml. Must use http discovery
[debug] [2023-07-03T10:14:59.668Z] Found firebase-functions binary at 'C:\Users\Dell\Desktop\amazon clone\amazon-clone\functions\node_modules\.bin\firebase-functions'
